  chk is chk or fre WNET is WXP or W2K or WNET.
  OACR monitor running already
  Starting dirs creation...Completed.
  path contains nonexistant c:\program files (x86)\microsoft visual studio 11.0\common7\tools\bin, removing
  BUILD: Compile and Link for x86
  
  BUILD: Loading c:\winddk\7600.16385.1\build.dat...
  
  BUILD: Computing Include file dependencies:
  
  BUILD: Start time: Sun May 05 22:29:37 2013
  BUILD: Examining d:\open_source_code\gold\ssdt directory for files to compile.
  
      d:\open_source_code\gold\ssdt 
  
  Invalidating OACR warning log for 'root:x86chk'
  BUILD: Saving c:\winddk\7600.16385.1\build.dat...
  
  BUILD: Compiling and Linking d:\open_source_code\gold\ssdt directory
  
  Configuring OACR for 'root:x86chk' - <OACR on>
  _NT_TARGET_VERSION SET TO WS03
  Linking Executable - objchk_wnet_x86\i386\ssdt.sys
  BUILD: Finish time: Sun May 05 22:29:38 2013
  BUILD: Done
  
  
  
      0 files compiled - 1 Warning
  
      1 executable built
  
